This is pdfTeX, Version 3.14159265-2.6-1.40.20 (TeX Live 2019/Debian) (preloaded format=pdflatex 2022.1.19)  20 JUN 2022 15:39
entering extended mode
 restricted \write18 enabled.
 %&-line parsing enabled.
**/home/julius/Documents/latex/matheolympiade/JRW_2022.tex
(/home/julius/Documents/latex/matheolympiade/JRW_2022.tex
LaTeX2e <2020-02-02> patch level 2
L3 programming layer <2020-02-14> (/home/julius/dotfiles/preamble.tex
(/usr/share/texlive/texmf-dist/tex/latex/base/article.cls
Document Class: article 2019/12/20 v1.4l Standard LaTeX document class
(/usr/share/texlive/texmf-dist/tex/latex/base/size12.clo
File: size12.clo 2019/12/20 v1.4l Standard LaTeX file (size option)
)
\c@part=\count167
\c@section=\count168
\c@subsection=\count169
\c@subsubsection=\count170
\c@paragraph=\count171
\c@subparagraph=\count172
\c@figure=\count173
\c@table=\count174
\abovecaptionskip=\skip47
\belowcaptionskip=\skip48
\bibindent=\dimen134
)
(/usr/share/texlive/texmf-dist/tex/generic/babel/babel.sty
Package: babel 2020/02/14 3.40 The Babel package

(/usr/share/texlive/texmf-dist/tex/generic/babel/switch.def
File: switch.def 2020/02/14 3.40 Babel switching mechanism
)
(/usr/share/texlive/texmf-dist/tex/generic/babel-english/english.ldf
Language: english 2017/06/06 v3.3r English support from the babel system

(/usr/share/texlive/texmf-dist/tex/generic/babel/babel.def
File: babel.def 2020/02/14 3.40 Babel common definitions
\babel@savecnt=\count175
\U@D=\dimen135

(/usr/share/texlive/texmf-dist/tex/generic/babel/txtbabel.def)
\bbl@readstream=\read2
\bbl@dirlevel=\count176
)
Package babel Info: \l@canadian = using hyphenrules for english
(babel)             (\language0) on input line 102.
Package babel Info: \l@australian = using hyphenrules for ukenglish
(babel)             (\language15) on input line 105.
Package babel Info: \l@newzealand = using hyphenrules for ukenglish
(babel)             (\language15) on input line 108.
))
(/usr/share/texlive/texmf-dist/tex/latex/amsmath/amsmath.sty
Package: amsmath 2020/01/20 v2.17e AMS math features
\@mathmargin=\skip49

For additional information on amsmath, use the `?' option.
(/usr/share/texlive/texmf-dist/tex/latex/amsmath/amstext.sty
Package: amstext 2000/06/29 v2.01 AMS text

(/usr/share/texlive/texmf-dist/tex/latex/amsmath/amsgen.sty
File: amsgen.sty 1999/11/30 v2.0 generic functions
\@emptytoks=\toks14
\ex@=\dimen136
))
(/usr/share/texlive/texmf-dist/tex/latex/amsmath/amsbsy.sty
Package: amsbsy 1999/11/29 v1.2d Bold Symbols
\pmbraise@=\dimen137
)
(/usr/share/texlive/texmf-dist/tex/latex/amsmath/amsopn.sty
Package: amsopn 2016/03/08 v2.02 operator names
)
\inf@bad=\count177
LaTeX Info: Redefining \frac on input line 227.
\uproot@=\count178
\leftroot@=\count179
LaTeX Info: Redefining \overline on input line 389.
\classnum@=\count180
\DOTSCASE@=\count181
LaTeX Info: Redefining \ldots on input line 486.
LaTeX Info: Redefining \dots on input line 489.
LaTeX Info: Redefining \cdots on input line 610.
\Mathstrutbox@=\box45
\strutbox@=\box46
\big@size=\dimen138
LaTeX Font Info:    Redeclaring font encoding OML on input line 733.
LaTeX Font Info:    Redeclaring font encoding OMS on input line 734.
\macc@depth=\count182
\c@MaxMatrixCols=\count183
\dotsspace@=\muskip16
\c@parentequation=\count184
\dspbrk@lvl=\count185
\tag@help=\toks15
\row@=\count186
\column@=\count187
\maxfields@=\count188
\andhelp@=\toks16
\eqnshift@=\dimen139
\alignsep@=\dimen140
\tagshift@=\dimen141
\tagwidth@=\dimen142
\totwidth@=\dimen143
\lineht@=\dimen144
\@envbody=\toks17
\multlinegap=\skip50
\multlinetaggap=\skip51
\mathdisplay@stack=\toks18
LaTeX Info: Redefining \[ on input line 2859.
LaTeX Info: Redefining \] on input line 2860.
)
(/usr/share/texlive/texmf-dist/tex/latex/amscls/amsthm.sty
Package: amsthm 2017/10/31 v2.20.4
\thm@style=\toks19
\thm@bodyfont=\toks20
\thm@headfont=\toks21
\thm@notefont=\toks22
\thm@headpunct=\toks23
\thm@preskip=\skip52
\thm@postskip=\skip53
\thm@headsep=\skip54
\dth@everypar=\toks24
)
(/usr/share/texlive/texmf-dist/tex/latex/amsfonts/amsfonts.sty
Package: amsfonts 2013/01/14 v3.01 Basic AMSFonts support
\symAMSa=\mathgroup4
\symAMSb=\mathgroup5
LaTeX Font Info:    Redeclaring math symbol \hbar on input line 98.
LaTeX Font Info:    Overwriting math alphabet `\mathfrak' in version `bold'
(Font)                  U/euf/m/n --> U/euf/b/n on input line 106.
)
(/usr/share/texlive/texmf-dist/tex/latex/amsfonts/amssymb.sty
Package: amssymb 2013/01/14 v3.01 AMS font symbols
)
(/usr/share/texlive/texmf-dist/tex/latex/graphics/graphicx.sty
Package: graphicx 2019/11/30 v1.2a Enhanced LaTeX Graphics (DPC,SPQR)

(/usr/share/texlive/texmf-dist/tex/latex/graphics/keyval.sty
Package: keyval 2014/10/28 v1.15 key=value parser (DPC)
\KV@toks@=\toks25
)
(/usr/share/texlive/texmf-dist/tex/latex/graphics/graphics.sty
Package: graphics 2019/11/30 v1.4a Standard LaTeX Graphics (DPC,SPQR)

(/usr/share/texlive/texmf-dist/tex/latex/graphics/trig.sty
Package: trig 2016/01/03 v1.10 sin cos tan (DPC)
)
(/usr/share/texlive/texmf-dist/tex/latex/graphics-cfg/graphics.cfg
File: graphics.cfg 2016/06/04 v1.11 sample graphics configuration
)
Package graphics Info: Driver file: pdftex.def on input line 105.

(/usr/share/texlive/texmf-dist/tex/latex/graphics-def/pdftex.def
File: pdftex.def 2018/01/08 v1.0l Graphics/color driver for pdftex
))
\Gin@req@height=\dimen145
\Gin@req@width=\dimen146
)
(/usr/share/texlive/texmf-dist/tex/latex/float/float.sty
Package: float 2001/11/08 v1.3d Float enhancements (AL)
\c@float@type=\count189
\float@exts=\toks26
\float@box=\box47
\@float@everytoks=\toks27
\@floatcapt=\box48
)
(/usr/share/texlive/texmf-dist/tex/latex/caption/subcaption.sty
Package: subcaption 2020/01/22 v1.3d Sub-captions (AR)

(/usr/share/texlive/texmf-dist/tex/latex/caption/caption.sty
Package: caption 2020/01/03 v3.4h Customizing captions (AR)

(/usr/share/texlive/texmf-dist/tex/latex/caption/caption3.sty
Package: caption3 2020/01/03 v1.8h caption3 kernel (AR)
Package caption3 Info: TeX engine: e-TeX on input line 61.
\captionmargin=\dimen147
\captionmargin@=\dimen148
\captionwidth=\dimen149
\caption@tempdima=\dimen150
\caption@indent=\dimen151
\caption@parindent=\dimen152
\caption@hangindent=\dimen153
Package caption Info: Standard document class detected.
)
\c@caption@flags=\count190
\c@continuedfloat=\count191
Package caption Info: float package is loaded.
)
\c@subfigure=\count192
\c@subtable=\count193
)
(/usr/share/texlive/texmf-dist/tex/latex/setspace/setspace.sty
Package: setspace 2011/12/19 v6.7a set line spacing
)
(/usr/share/texlive/texmf-dist/tex/latex/biblatex/biblatex.sty
Package: biblatex 2019/12/01 v3.14 programmable bibliographies (PK/MW)

(/usr/share/texlive/texmf-dist/tex/latex/pdftexcmds/pdftexcmds.sty
Package: pdftexcmds 2019/11/24 v0.31 Utility functions of pdfTeX for LuaTeX (HO
)

(/usr/share/texlive/texmf-dist/tex/generic/infwarerr/infwarerr.sty
Package: infwarerr 2019/12/03 v1.5 Providing info/warning/error messages (HO)
)
(/usr/share/texlive/texmf-dist/tex/generic/iftex/iftex.sty
Package: iftex 2019/11/07 v1.0c TeX engine tests
)
(/usr/share/texlive/texmf-dist/tex/generic/ltxcmds/ltxcmds.sty
Package: ltxcmds 2019/12/15 v1.24 LaTeX kernel commands for general use (HO)
)
Package pdftexcmds Info: \pdf@primitive is available.
Package pdftexcmds Info: \pdf@ifprimitive is available.
Package pdftexcmds Info: \pdfdraftmode found.
)
(/usr/share/texlive/texmf-dist/tex/latex/etoolbox/etoolbox.sty
Package: etoolbox 2019/09/21 v2.5h e-TeX tools for LaTeX (JAW)
\etb@tempcnta=\count194
)
(/usr/share/texlive/texmf-dist/tex/latex/kvoptions/kvoptions.sty
Package: kvoptions 2019/11/29 v3.13 Key value format for package options (HO)

(/usr/share/texlive/texmf-dist/tex/generic/kvsetkeys/kvsetkeys.sty
Package: kvsetkeys 2019/12/15 v1.18 Key value parser (HO)
))
(/usr/share/texlive/texmf-dist/tex/latex/logreq/logreq.sty
Package: logreq 2010/08/04 v1.0 xml request logger
\lrq@indent=\count195

(/usr/share/texlive/texmf-dist/tex/latex/logreq/logreq.def
File: logreq.def 2010/08/04 v1.0 logreq spec v1.0
))
(/usr/share/texlive/texmf-dist/tex/latex/base/ifthen.sty
Package: ifthen 2014/09/29 v1.1c Standard LaTeX ifthen package (DPC)
)
(/usr/share/texlive/texmf-dist/tex/latex/url/url.sty
\Urlmuskip=\muskip17
Package: url 2013/09/16  ver 3.4  Verb mode for urls, etc.
)
\c@tabx@nest=\count196
\c@listtotal=\count197
\c@listcount=\count198
\c@liststart=\count199
\c@liststop=\count266
\c@citecount=\count267
\c@citetotal=\count268
\c@multicitecount=\count269
\c@multicitetotal=\count270
\c@instcount=\count271
\c@maxnames=\count272
\c@minnames=\count273
\c@maxitems=\count274
\c@minitems=\count275
\c@citecounter=\count276
\c@maxcitecounter=\count277
\c@savedcitecounter=\count278
\c@uniquelist=\count279
\c@uniquename=\count280
\c@refsection=\count281
\c@refsegment=\count282
\c@maxextratitle=\count283
\c@maxextratitleyear=\count284
\c@maxextraname=\count285
\c@maxextradate=\count286
\c@maxextraalpha=\count287
\c@abbrvpenalty=\count288
\c@highnamepenalty=\count289
\c@lownamepenalty=\count290
\c@maxparens=\count291
\c@parenlevel=\count292
\blx@tempcnta=\count293
\blx@tempcntb=\count294
\blx@tempcntc=\count295
\blx@maxsection=\count296
\blx@maxsegment@0=\count297
\blx@notetype=\count298
\blx@parenlevel@text=\count299
\blx@parenlevel@foot=\count300
\blx@sectionciteorder@0=\count301
\blx@entrysetcounter=\count302
\labelnumberwidth=\skip55
\labelalphawidth=\skip56
\biblabelsep=\skip57
\bibitemsep=\skip58
\bibnamesep=\skip59
\bibinitsep=\skip60
\bibparsep=\skip61
\bibhang=\skip62
\blx@bcfin=\read3
\blx@bcfout=\write3
\blx@langwohyphens=\language85
\c@mincomprange=\count303
\c@maxcomprange=\count304
\c@mincompwidth=\count305
Package biblatex Info: Trying to load biblatex default data model...
Package biblatex Info: ... file 'blx-dm.def' found.

(/usr/share/texlive/texmf-dist/tex/latex/biblatex/blx-dm.def
File: blx-dm.def 2019/12/01 v3.14 biblatex localization (PK/MW)
)
Package biblatex Info: Trying to load biblatex style data model...
Package biblatex Info: ... file 'verbose-trad2.dbx' not found.
Package biblatex Info: Trying to load biblatex custom data model...
Package biblatex Info: ... file 'biblatex-dm.cfg' not found.
\c@afterword=\count306
\c@savedafterword=\count307
\c@annotator=\count308
\c@savedannotator=\count309
\c@author=\count310
\c@savedauthor=\count311
\c@bookauthor=\count312
\c@savedbookauthor=\count313
\c@commentator=\count314
\c@savedcommentator=\count315
\c@editor=\count316
\c@savededitor=\count317
\c@editora=\count318
\c@savededitora=\count319
\c@editorb=\count320
\c@savededitorb=\count321
\c@editorc=\count322
\c@savededitorc=\count323
\c@foreword=\count324
\c@savedforeword=\count325
\c@holder=\count326
\c@savedholder=\count327
\c@introduction=\count328
\c@savedintroduction=\count329
\c@namea=\count330
\c@savednamea=\count331
\c@nameb=\count332
\c@savednameb=\count333
\c@namec=\count334
\c@savednamec=\count335
\c@translator=\count336
\c@savedtranslator=\count337
\c@shortauthor=\count338
\c@savedshortauthor=\count339
\c@shorteditor=\count340
\c@savedshorteditor=\count341
\c@labelname=\count342
\c@savedlabelname=\count343
\c@institution=\count344
\c@savedinstitution=\count345
\c@lista=\count346
\c@savedlista=\count347
\c@listb=\count348
\c@savedlistb=\count349
\c@listc=\count350
\c@savedlistc=\count351
\c@listd=\count352
\c@savedlistd=\count353
\c@liste=\count354
\c@savedliste=\count355
\c@listf=\count356
\c@savedlistf=\count357
\c@location=\count358
\c@savedlocation=\count359
\c@organization=\count360
\c@savedorganization=\count361
\c@origlocation=\count362
\c@savedoriglocation=\count363
\c@origpublisher=\count364
\c@savedorigpublisher=\count365
\c@publisher=\count366
\c@savedpublisher=\count367
\c@language=\count368
\c@savedlanguage=\count369
\c@origlanguage=\count370
\c@savedoriglanguage=\count371
\c@pageref=\count372
\c@savedpageref=\count373
\shorthandwidth=\skip63
\shortjournalwidth=\skip64
\shortserieswidth=\skip65
\shorttitlewidth=\skip66
\shortauthorwidth=\skip67
\shorteditorwidth=\skip68
\locallabelnumberwidth=\skip69
\locallabelalphawidth=\skip70
\localshorthandwidth=\skip71
\localshortjournalwidth=\skip72
\localshortserieswidth=\skip73
\localshorttitlewidth=\skip74
\localshortauthorwidth=\skip75
\localshorteditorwidth=\skip76
Package biblatex Info: Trying to load compatibility code...
Package biblatex Info: ... file 'blx-compat.def' found.

(/usr/share/texlive/texmf-dist/tex/latex/biblatex/blx-compat.def
File: blx-compat.def 2019/12/01 v3.14 biblatex compatibility (PK/MW)
)
Package biblatex Info: Trying to load BibTeX backend compatibility...
Package biblatex Info: ... file 'blx-bibtex.def' found.

(/usr/share/texlive/texmf-dist/tex/latex/biblatex/blx-bibtex.def
File: blx-bibtex.def 2019/12/01 v3.14 biblatex compatibility (PK/MW)


Package biblatex Warning: Using fall-back BibTeX(8) backend:
(biblatex)                functionality may be reduced/unavailable.

)
Package biblatex Info: Trying to load generic definitions...
Package biblatex Info: ... file 'biblatex.def' found.
 (/usr/share/texlive/texmf-dist/tex/latex/biblatex/biblatex.def
File: biblatex.def 2019/12/01 v3.14 biblatex compatibility (PK/MW)
\c@textcitecount=\count374
\c@textcitetotal=\count375
\c@textcitemaxnames=\count376
\c@biburlbigbreakpenalty=\count377
\c@biburlbreakpenalty=\count378
\c@biburlnumpenalty=\count379
\c@biburlucpenalty=\count380
\c@biburllcpenalty=\count381
\biburlbigskip=\muskip18
\biburlnumskip=\muskip19
\biburlucskip=\muskip20
\biburllcskip=\muskip21
\c@smartand=\count382
)
Package biblatex Info: Trying to load bibliography style 'verbose-trad2'...
Package biblatex Info: ... file 'verbose-trad2.bbx' found.

(/usr/share/texlive/texmf-dist/tex/latex/biblatex/bbx/verbose-trad2.bbx
File: verbose-trad2.bbx 2019/12/01 v3.14 biblatex bibliography style (PK/MW)
Package biblatex Info: Trying to load bibliography style 'authortitle'...
Package biblatex Info: ... file 'authortitle.bbx' found.

(/usr/share/texlive/texmf-dist/tex/latex/biblatex/bbx/authortitle.bbx
File: authortitle.bbx 2019/12/01 v3.14 biblatex bibliography style (PK/MW)
Package biblatex Info: Trying to load bibliography style 'standard'...
Package biblatex Info: ... file 'standard.bbx' found.

(/usr/share/texlive/texmf-dist/tex/latex/biblatex/bbx/standard.bbx
File: standard.bbx 2019/12/01 v3.14 biblatex bibliography style (PK/MW)
\c@bbx:relatedcount=\count383
\c@bbx:relatedtotal=\count384
)))
Package biblatex Info: Trying to load citation style 'verbose-trad2'...
Package biblatex Info: ... file 'verbose-trad2.cbx' found.

(/usr/share/texlive/texmf-dist/tex/latex/biblatex/cbx/verbose-trad2.cbx
File: verbose-trad2.cbx 2019/12/01 v3.14 biblatex citation style (PK/MW)
Package biblatex Info: Redefining '\cite'.
Package biblatex Info: Redefining '\parencite'.
Package biblatex Info: Redefining '\footcite'.
Package biblatex Info: Redefining '\footcitetext'.
Package biblatex Info: Redefining '\smartcite'.
Package biblatex Info: Redefining '\textcite'.
Package biblatex Info: Redefining '\textcites'.
)
Package biblatex Info: Trying to load configuration file...
Package biblatex Info: ... file 'biblatex.cfg' found.

(/usr/share/texlive/texmf-dist/tex/latex/biblatex/biblatex.cfg
File: biblatex.cfg 
))
(/usr/share/texlive/texmf-dist/tex/latex/siunitx/siunitx.sty
(/usr/share/texlive/texmf-dist/tex/latex/l3kernel/expl3.sty
Package: expl3 2020-02-14 L3 programming layer (loader) 

(/usr/share/texlive/texmf-dist/tex/latex/l3backend/l3backend-pdfmode.def
File: l3backend-pdfmode.def 2020-02-03 L3 backend support: PDF mode
\l__kernel_color_stack_int=\count385
\l__pdf_internal_box=\box49
))
(/usr/share/texlive/texmf-dist/tex/latex/l3packages/xparse/xparse.sty
Package: xparse 2020-02-14 L3 Experimental document command parser
\l__xparse_current_arg_int=\count386
\g__xparse_grabber_int=\count387
\l__xparse_m_args_int=\count388
\l__xparse_v_nesting_int=\count389
)
Package: siunitx 2020/01/15 v2.7u A comprehensive (SI) units package

(/usr/share/texlive/texmf-dist/tex/latex/tools/array.sty
Package: array 2019/08/31 v2.4l Tabular extension package (FMi)
\col@sep=\dimen154
\ar@mcellbox=\box50
\extrarowheight=\dimen155
\NC@list=\toks28
\extratabsurround=\skip77
\backup@length=\skip78
\ar@cellbox=\box51
)
(/usr/share/texlive/texmf-dist/tex/latex/l3packages/l3keys2e/l3keys2e.sty
Package: l3keys2e 2020-02-14 LaTeX2e option processing using LaTeX3 keys
)
\l__siunitx_tmp_box=\box52
\l__siunitx_tmp_dim=\dimen156
\l__siunitx_tmp_int=\count390
\l__siunitx_number_mantissa_length_int=\count391
\l__siunitx_number_uncert_length_int=\count392
\l__siunitx_round_int=\count393
\l__siunitx_process_decimal_int=\count394
\l__siunitx_process_uncertainty_int=\count395
\l__siunitx_process_fixed_int=\count396
\l__siunitx_process_integer_min_int=\count397
\l__siunitx_process_precision_int=\count398
\l__siunitx_group_min_int=\count399
\l__siunitx_angle_marker_box=\box53
\l__siunitx_angle_unit_box=\box54
\l__siunitx_angle_marker_dim=\dimen157
\l__siunitx_angle_unit_dim=\dimen158
\l__siunitx_unit_int=\count400
\l__siunitx_unit_denominator_int=\count401
\l__siunitx_unit_numerator_int=\count402
\l__siunitx_unit_prefix_int=\count403
\l__siunitx_unit_prefix_base_int=\count404
\l__siunitx_unit_prefix_gram_int=\count405
\l__siunitx_number_product_int=\count406
\c__siunitx_one_fill_skip=\skip79
\l__siunitx_table_unit_align_skip=\skip80
\l__siunitx_table_exponent_dim=\dimen159
\l__siunitx_table_integer_dim=\dimen160
\l__siunitx_table_mantissa_dim=\dimen161
\l__siunitx_table_marker_dim=\dimen162
\l__siunitx_table_result_dim=\dimen163
\l__siunitx_table_uncert_dim=\dimen164
\l__siunitx_table_fill_pre_dim=\dimen165
\l__siunitx_table_fill_post_dim=\dimen166
\l__siunitx_table_fill_mid_dim=\dimen167
\l__siunitx_table_pre_box=\box55
\l__siunitx_table_post_box=\box56
\l__siunitx_table_mantissa_box=\box57
\l__siunitx_table_result_box=\box58
\l__siunitx_table_number_align_skip=\skip81
\l__siunitx_table_text_align_skip=\skip82

(/usr/share/texlive/texmf-dist/tex/latex/translator/translator.sty
Package: translator 2019-05-31 v1.12a Easy translation of strings in LaTeX
))
(/usr/share/texlive/texmf-dist/tex/latex/multirow/multirow.sty
Package: multirow 2019/05/31 v2.5 Span multiple rows of a table
\multirow@colwidth=\skip83
\multirow@cntb=\count407
\multirow@dima=\skip84
\bigstrutjot=\dimen168
)
(/usr/share/texlive/texmf-dist/tex/latex/booktabs/booktabs.sty
Package: booktabs 2020/01/12 v1.61803398 Publication quality tables
\heavyrulewidth=\dimen169
\lightrulewidth=\dimen170
\cmidrulewidth=\dimen171
\belowrulesep=\dimen172
\belowbottomsep=\dimen173
\aboverulesep=\dimen174
\abovetopsep=\dimen175
\cmidrulesep=\dimen176
\cmidrulekern=\dimen177
\defaultaddspace=\dimen178
\@cmidla=\count408
\@cmidlb=\count409
\@aboverulesep=\dimen179
\@belowrulesep=\dimen180
\@thisruleclass=\count410
\@lastruleclass=\count411
\@thisrulewidth=\dimen181
)
(/usr/share/texlive/texmf-dist/tex/latex/tools/longtable.sty
Package: longtable 2020/01/07 v4.13 Multi-page Table package (DPC)
\LTleft=\skip85
\LTright=\skip86
\LTpre=\skip87
\LTpost=\skip88
\LTchunksize=\count412
\LTcapwidth=\dimen182
\LT@head=\box59
\LT@firsthead=\box60
\LT@foot=\box61
\LT@lastfoot=\box62
\LT@cols=\count413
\LT@rows=\count414
\c@LT@tables=\count415
\c@LT@chunks=\count416
\LT@p@ftn=\toks29
)
(/usr/share/texlive/texmf-dist/tex/latex/graphics/rotating.sty
Package: rotating 2016/08/11 v2.16d rotated objects in LaTeX
\c@r@tfl@t=\count417
\rotFPtop=\skip89
\rotFPbot=\skip90
\rot@float@box=\box63
\rot@mess@toks=\toks30
)
(/usr/share/texlive/texmf-dist/tex/latex/pgfplots/pgfplotstable.sty
(/usr/share/texlive/texmf-dist/tex/generic/pgfplots/pgfplots.revision.tex)
Package: pgfplotstable 2018/03/28 v1.16 Table typesetting and Pretty-printing (
1.16)

(/usr/share/texlive/texmf-dist/tex/latex/pgfplots/pgfplots.sty
(/usr/share/texlive/texmf-dist/tex/generic/pgfplots/pgfplots.revision.tex)
Package: pgfplots 2018/03/28 v1.16 Data Visualization (1.16)

(/usr/share/texlive/texmf-dist/tex/latex/pgf/frontendlayer/tikz.sty
(/usr/share/texlive/texmf-dist/tex/latex/pgf/basiclayer/pgf.sty
(/usr/share/texlive/texmf-dist/tex/latex/pgf/utilities/pgfrcs.sty
(/usr/share/texlive/texmf-dist/tex/generic/pgf/utilities/pgfutil-common.tex
\pgfutil@everybye=\toks31
\pgfutil@tempdima=\dimen183
\pgfutil@tempdimb=\dimen184

(/usr/share/texlive/texmf-dist/tex/generic/pgf/utilities/pgfutil-common-lists.t
ex)) (/usr/share/texlive/texmf-dist/tex/generic/pgf/utilities/pgfutil-latex.def
\pgfutil@abb=\box64
(/usr/share/texlive/texmf-dist/tex/latex/ms/everyshi.sty
Package: everyshi 2001/05/15 v3.00 EveryShipout Package (MS)
))
(/usr/share/texlive/texmf-dist/tex/generic/pgf/utilities/pgfrcs.code.tex
(/usr/share/texlive/texmf-dist/tex/generic/pgf/pgf.revision.tex)
Package: pgfrcs 2020/01/08 v3.1.5b (3.1.5b)
))
Package: pgf 2020/01/08 v3.1.5b (3.1.5b)

(/usr/share/texlive/texmf-dist/tex/latex/pgf/basiclayer/pgfcore.sty
(/usr/share/texlive/texmf-dist/tex/latex/pgf/systemlayer/pgfsys.sty
(/usr/share/texlive/texmf-dist/tex/generic/pgf/systemlayer/pgfsys.code.tex
Package: pgfsys 2020/01/08 v3.1.5b (3.1.5b)

(/usr/share/texlive/texmf-dist/tex/generic/pgf/utilities/pgfkeys.code.tex
\pgfkeys@pathtoks=\toks32
\pgfkeys@temptoks=\toks33

(/usr/share/texlive/texmf-dist/tex/generic/pgf/utilities/pgfkeysfiltered.code.t
ex
\pgfkeys@tmptoks=\toks34
))
\pgf@x=\dimen185
\pgf@y=\dimen186
\pgf@xa=\dimen187
\pgf@ya=\dimen188
\pgf@xb=\dimen189
\pgf@yb=\dimen190
\pgf@xc=\dimen191
\pgf@yc=\dimen192
\pgf@xd=\dimen193
\pgf@yd=\dimen194
\w@pgf@writea=\write4
\r@pgf@reada=\read4
\c@pgf@counta=\count418
\c@pgf@countb=\count419
\c@pgf@countc=\count420
\c@pgf@countd=\count421
\t@pgf@toka=\toks35
\t@pgf@tokb=\toks36
\t@pgf@tokc=\toks37
\pgf@sys@id@count=\count422
 (/usr/share/texlive/texmf-dist/tex/generic/pgf/systemlayer/pgf.cfg
File: pgf.cfg 2020/01/08 v3.1.5b (3.1.5b)
)
Driver file for pgf: pgfsys-pdftex.def

(/usr/share/texlive/texmf-dist/tex/generic/pgf/systemlayer/pgfsys-pdftex.def
File: pgfsys-pdftex.def 2020/01/08 v3.1.5b (3.1.5b)

(/usr/share/texlive/texmf-dist/tex/generic/pgf/systemlayer/pgfsys-common-pdf.de
f
File: pgfsys-common-pdf.def 2020/01/08 v3.1.5b (3.1.5b)
)))
(/usr/share/texlive/texmf-dist/tex/generic/pgf/systemlayer/pgfsyssoftpath.code.
tex
File: pgfsyssoftpath.code.tex 2020/01/08 v3.1.5b (3.1.5b)
\pgfsyssoftpath@smallbuffer@items=\count423
\pgfsyssoftpath@bigbuffer@items=\count424
)
(/usr/share/texlive/texmf-dist/tex/generic/pgf/systemlayer/pgfsysprotocol.code.
tex
File: pgfsysprotocol.code.tex 2020/01/08 v3.1.5b (3.1.5b)
)) (/usr/share/texlive/texmf-dist/tex/latex/xcolor/xcolor.sty
Package: xcolor 2016/05/11 v2.12 LaTeX color extensions (UK)

(/usr/share/texlive/texmf-dist/tex/latex/graphics-cfg/color.cfg
File: color.cfg 2016/01/02 v1.6 sample color configuration
)
Package xcolor Info: Driver file: pdftex.def on input line 225.
Package xcolor Info: Model `cmy' substituted by `cmy0' on input line 1348.
Package xcolor Info: Model `hsb' substituted by `rgb' on input line 1352.
Package xcolor Info: Model `RGB' extended on input line 1364.
Package xcolor Info: Model `HTML' substituted by `rgb' on input line 1366.
Package xcolor Info: Model `Hsb' substituted by `hsb' on input line 1367.
Package xcolor Info: Model `tHsb' substituted by `hsb' on input line 1368.
Package xcolor Info: Model `HSB' substituted by `hsb' on input line 1369.
Package xcolor Info: Model `Gray' substituted by `gray' on input line 1370.
Package xcolor Info: Model `wave' substituted by `hsb' on input line 1371.
)
(/usr/share/texlive/texmf-dist/tex/generic/pgf/basiclayer/pgfcore.code.tex
Package: pgfcore 2020/01/08 v3.1.5b (3.1.5b)

(/usr/share/texlive/texmf-dist/tex/generic/pgf/math/pgfmath.code.tex
(/usr/share/texlive/texmf-dist/tex/generic/pgf/math/pgfmathcalc.code.tex
(/usr/share/texlive/texmf-dist/tex/generic/pgf/math/pgfmathutil.code.tex)
(/usr/share/texlive/texmf-dist/tex/generic/pgf/math/pgfmathparser.code.tex
\pgfmath@dimen=\dimen195
\pgfmath@count=\count425
\pgfmath@box=\box65
\pgfmath@toks=\toks38
\pgfmath@stack@operand=\toks39
\pgfmath@stack@operation=\toks40
)
(/usr/share/texlive/texmf-dist/tex/generic/pgf/math/pgfmathfunctions.code.tex
(/usr/share/texlive/texmf-dist/tex/generic/pgf/math/pgfmathfunctions.basic.code
.tex)
(/usr/share/texlive/texmf-dist/tex/generic/pgf/math/pgfmathfunctions.trigonomet
ric.code.tex)
(/usr/share/texlive/texmf-dist/tex/generic/pgf/math/pgfmathfunctions.random.cod
e.tex)
(/usr/share/texlive/texmf-dist/tex/generic/pgf/math/pgfmathfunctions.comparison
.code.tex)
(/usr/share/texlive/texmf-dist/tex/generic/pgf/math/pgfmathfunctions.base.code.
tex)
(/usr/share/texlive/texmf-dist/tex/generic/pgf/math/pgfmathfunctions.round.code
.tex)
(/usr/share/texlive/texmf-dist/tex/generic/pgf/math/pgfmathfunctions.misc.code.
tex)
(/usr/share/texlive/texmf-dist/tex/generic/pgf/math/pgfmathfunctions.integerari
thmetics.code.tex)))
(/usr/share/texlive/texmf-dist/tex/generic/pgf/math/pgfmathfloat.code.tex
\c@pgfmathroundto@lastzeros=\count426
))
(/usr/share/texlive/texmf-dist/tex/generic/pgf/math/pgfint.code.tex)
(/usr/share/texlive/texmf-dist/tex/generic/pgf/basiclayer/pgfcorepoints.code.te
x
File: pgfcorepoints.code.tex 2020/01/08 v3.1.5b (3.1.5b)
\pgf@picminx=\dimen196
\pgf@picmaxx=\dimen197
\pgf@picminy=\dimen198
\pgf@picmaxy=\dimen199
\pgf@pathminx=\dimen256
\pgf@pathmaxx=\dimen257
\pgf@pathminy=\dimen258
\pgf@pathmaxy=\dimen259
\pgf@xx=\dimen260
\pgf@xy=\dimen261
\pgf@yx=\dimen262
\pgf@yy=\dimen263
\pgf@zx=\dimen264
\pgf@zy=\dimen265
)
(/usr/share/texlive/texmf-dist/tex/generic/pgf/basiclayer/pgfcorepathconstruct.
code.tex
File: pgfcorepathconstruct.code.tex 2020/01/08 v3.1.5b (3.1.5b)
\pgf@path@lastx=\dimen266
\pgf@path@lasty=\dimen267
)
(/usr/share/texlive/texmf-dist/tex/generic/pgf/basiclayer/pgfcorepathusage.code
.tex
File: pgfcorepathusage.code.tex 2020/01/08 v3.1.5b (3.1.5b)
\pgf@shorten@end@additional=\dimen268
\pgf@shorten@start@additional=\dimen269
)
(/usr/share/texlive/texmf-dist/tex/generic/pgf/basiclayer/pgfcorescopes.code.te
x
File: pgfcorescopes.code.tex 2020/01/08 v3.1.5b (3.1.5b)
\pgfpic=\box66
\pgf@hbox=\box67
\pgf@layerbox@main=\box68
\pgf@picture@serial@count=\count427
)
(/usr/share/texlive/texmf-dist/tex/generic/pgf/basiclayer/pgfcoregraphicstate.c
ode.tex
File: pgfcoregraphicstate.code.tex 2020/01/08 v3.1.5b (3.1.5b)
\pgflinewidth=\dimen270
)
(/usr/share/texlive/texmf-dist/tex/generic/pgf/basiclayer/pgfcoretransformation
s.code.tex
File: pgfcoretransformations.code.tex 2020/01/08 v3.1.5b (3.1.5b)
\pgf@pt@x=\dimen271
\pgf@pt@y=\dimen272
\pgf@pt@temp=\dimen273
)
(/usr/share/texlive/texmf-dist/tex/generic/pgf/basiclayer/pgfcorequick.code.tex
File: pgfcorequick.code.tex 2020/01/08 v3.1.5b (3.1.5b)
)
(/usr/share/texlive/texmf-dist/tex/generic/pgf/basiclayer/pgfcoreobjects.code.t
ex
File: pgfcoreobjects.code.tex 2020/01/08 v3.1.5b (3.1.5b)
)
(/usr/share/texlive/texmf-dist/tex/generic/pgf/basiclayer/pgfcorepathprocessing
.code.tex
File: pgfcorepathprocessing.code.tex 2020/01/08 v3.1.5b (3.1.5b)
)
(/usr/share/texlive/texmf-dist/tex/generic/pgf/basiclayer/pgfcorearrows.code.te
x
File: pgfcorearrows.code.tex 2020/01/08 v3.1.5b (3.1.5b)
\pgfarrowsep=\dimen274
)
(/usr/share/texlive/texmf-dist/tex/generic/pgf/basiclayer/pgfcoreshade.code.tex
File: pgfcoreshade.code.tex 2020/01/08 v3.1.5b (3.1.5b)
\pgf@max=\dimen275
\pgf@sys@shading@range@num=\count428
\pgf@shadingcount=\count429
)
(/usr/share/texlive/texmf-dist/tex/generic/pgf/basiclayer/pgfcoreimage.code.tex
File: pgfcoreimage.code.tex 2020/01/08 v3.1.5b (3.1.5b)

(/usr/share/texlive/texmf-dist/tex/generic/pgf/basiclayer/pgfcoreexternal.code.
tex
File: pgfcoreexternal.code.tex 2020/01/08 v3.1.5b (3.1.5b)
\pgfexternal@startupbox=\box69
))
(/usr/share/texlive/texmf-dist/tex/generic/pgf/basiclayer/pgfcorelayers.code.te
x
File: pgfcorelayers.code.tex 2020/01/08 v3.1.5b (3.1.5b)
)
(/usr/share/texlive/texmf-dist/tex/generic/pgf/basiclayer/pgfcoretransparency.c
ode.tex
File: pgfcoretransparency.code.tex 2020/01/08 v3.1.5b (3.1.5b)
)
(/usr/share/texlive/texmf-dist/tex/generic/pgf/basiclayer/pgfcorepatterns.code.
tex
File: pgfcorepatterns.code.tex 2020/01/08 v3.1.5b (3.1.5b)
)
(/usr/share/texlive/texmf-dist/tex/generic/pgf/basiclayer/pgfcorerdf.code.tex
File: pgfcorerdf.code.tex 2020/01/08 v3.1.5b (3.1.5b)
)))
(/usr/share/texlive/texmf-dist/tex/generic/pgf/modules/pgfmoduleshapes.code.tex
File: pgfmoduleshapes.code.tex 2020/01/08 v3.1.5b (3.1.5b)
\pgfnodeparttextbox=\box70
) (/usr/share/texlive/texmf-dist/tex/generic/pgf/modules/pgfmoduleplot.code.tex
File: pgfmoduleplot.code.tex 2020/01/08 v3.1.5b (3.1.5b)
)
(/usr/share/texlive/texmf-dist/tex/latex/pgf/compatibility/pgfcomp-version-0-65
.sty
Package: pgfcomp-version-0-65 2020/01/08 v3.1.5b (3.1.5b)
\pgf@nodesepstart=\dimen276
\pgf@nodesepend=\dimen277
)
(/usr/share/texlive/texmf-dist/tex/latex/pgf/compatibility/pgfcomp-version-1-18
.sty
Package: pgfcomp-version-1-18 2020/01/08 v3.1.5b (3.1.5b)
)) (/usr/share/texlive/texmf-dist/tex/latex/pgf/utilities/pgffor.sty
(/usr/share/texlive/texmf-dist/tex/latex/pgf/utilities/pgfkeys.sty
(/usr/share/texlive/texmf-dist/tex/generic/pgf/utilities/pgfkeys.code.tex))
(/usr/share/texlive/texmf-dist/tex/latex/pgf/math/pgfmath.sty
(/usr/share/texlive/texmf-dist/tex/generic/pgf/math/pgfmath.code.tex))
(/usr/share/texlive/texmf-dist/tex/generic/pgf/utilities/pgffor.code.tex
Package: pgffor 2020/01/08 v3.1.5b (3.1.5b)

(/usr/share/texlive/texmf-dist/tex/generic/pgf/math/pgfmath.code.tex)
\pgffor@iter=\dimen278
\pgffor@skip=\dimen279
\pgffor@stack=\toks41
\pgffor@toks=\toks42
))
(/usr/share/texlive/texmf-dist/tex/generic/pgf/frontendlayer/tikz/tikz.code.tex
Package: tikz 2020/01/08 v3.1.5b (3.1.5b)

(/usr/share/texlive/texmf-dist/tex/generic/pgf/libraries/pgflibraryplothandlers
.code.tex
File: pgflibraryplothandlers.code.tex 2020/01/08 v3.1.5b (3.1.5b)
\pgf@plot@mark@count=\count430
\pgfplotmarksize=\dimen280
)
\tikz@lastx=\dimen281
\tikz@lasty=\dimen282
\tikz@lastxsaved=\dimen283
\tikz@lastysaved=\dimen284
\tikz@lastmovetox=\dimen285
\tikz@lastmovetoy=\dimen286
\tikzleveldistance=\dimen287
\tikzsiblingdistance=\dimen288
\tikz@figbox=\box71
\tikz@figbox@bg=\box72
\tikz@tempbox=\box73
\tikz@tempbox@bg=\box74
\tikztreelevel=\count431
\tikznumberofchildren=\count432
\tikznumberofcurrentchild=\count433
\tikz@fig@count=\count434

(/usr/share/texlive/texmf-dist/tex/generic/pgf/modules/pgfmodulematrix.code.tex
File: pgfmodulematrix.code.tex 2020/01/08 v3.1.5b (3.1.5b)
\pgfmatrixcurrentrow=\count435
\pgfmatrixcurrentcolumn=\count436
\pgf@matrix@numberofcolumns=\count437
)
\tikz@expandcount=\count438

(/usr/share/texlive/texmf-dist/tex/generic/pgf/frontendlayer/tikz/libraries/tik
zlibrarytopaths.code.tex
File: tikzlibrarytopaths.code.tex 2020/01/08 v3.1.5b (3.1.5b)
)))
(/usr/share/texlive/texmf-dist/tex/generic/pgfplots/pgfplots.code.tex
(/usr/share/texlive/texmf-dist/tex/generic/pgfplots/pgfplotscore.code.tex
\t@pgfplots@toka=\toks43
\t@pgfplots@tokb=\toks44
\t@pgfplots@tokc=\toks45
\pgfplots@tmpa=\dimen289
\c@pgfplots@coordindex=\count439
\c@pgfplots@scanlineindex=\count440

(/usr/share/texlive/texmf-dist/tex/generic/pgfplots/sys/pgfplotssysgeneric.code
.tex))
(/usr/share/texlive/texmf-dist/tex/generic/pgfplots/libs/pgfplotslibrary.code.t
ex)
(/usr/share/texlive/texmf-dist/tex/generic/pgfplots/oldpgfcompatib/pgfplotsoldp
gfsupp_loader.code.tex
(/usr/share/texlive/texmf-dist/tex/generic/pgf/libraries/pgflibraryfpu.code.tex
))
(/usr/share/texlive/texmf-dist/tex/generic/pgfplots/util/pgfplotsutil.code.tex
(/usr/share/texlive/texmf-dist/tex/generic/pgfplots/liststructure/pgfplotslists
tructure.code.tex)
(/usr/share/texlive/texmf-dist/tex/generic/pgfplots/liststructure/pgfplotslists
tructureext.code.tex)
(/usr/share/texlive/texmf-dist/tex/generic/pgfplots/liststructure/pgfplotsarray
.code.tex
\c@pgfplotsarray@tmp=\count441
)
(/usr/share/texlive/texmf-dist/tex/generic/pgfplots/liststructure/pgfplotsmatri
x.code.tex)
(/usr/share/texlive/texmf-dist/tex/generic/pgfplots/numtable/pgfplotstableshare
d.code.tex
\c@pgfplotstable@counta=\count442
\t@pgfplotstable@a=\toks46
)
(/usr/share/texlive/texmf-dist/tex/generic/pgfplots/liststructure/pgfplotsdeque
.code.tex)
(/usr/share/texlive/texmf-dist/tex/generic/pgfplots/util/pgfplotsbinary.code.te
x
(/usr/share/texlive/texmf-dist/tex/generic/pgfplots/util/pgfplotsbinary.data.co
de.tex))
(/usr/share/texlive/texmf-dist/tex/generic/pgfplots/util/pgfplotsutil.verb.code
.tex)
(/usr/share/texlive/texmf-dist/tex/generic/pgfplots/libs/pgflibrarypgfplots.sur
fshading.code.tex
\c@pgfplotslibrarysurf@no=\count443

(/usr/share/texlive/texmf-dist/tex/generic/pgfplots/sys/pgflibrarypgfplots.surf
shading.pgfsys-pdftex.def)))
(/usr/share/texlive/texmf-dist/tex/generic/pgfplots/util/pgfplotscolormap.code.
tex
(/usr/share/texlive/texmf-dist/tex/generic/pgfplots/util/pgfplotscolor.code.tex
))
(/usr/share/texlive/texmf-dist/tex/generic/pgfplots/pgfplotsstackedplots.code.t
ex)
(/usr/share/texlive/texmf-dist/tex/generic/pgfplots/pgfplotsplothandlers.code.t
ex
(/usr/share/texlive/texmf-dist/tex/generic/pgfplots/pgfplotsmeshplothandler.cod
e.tex
(/usr/share/texlive/texmf-dist/tex/generic/pgfplots/pgfplotsmeshplotimage.code.
tex)))
(/usr/share/texlive/texmf-dist/tex/generic/pgfplots/pgfplots.scaling.code.tex)
(/usr/share/texlive/texmf-dist/tex/generic/pgfplots/pgfplotscoordprocessing.cod
e.tex)
(/usr/share/texlive/texmf-dist/tex/generic/pgfplots/pgfplots.errorbars.code.tex
) (/usr/share/texlive/texmf-dist/tex/generic/pgfplots/pgfplots.markers.code.tex
) (/usr/share/texlive/texmf-dist/tex/generic/pgfplots/pgfplotsticks.code.tex)
(/usr/share/texlive/texmf-dist/tex/generic/pgfplots/pgfplots.paths.code.tex)
(/usr/share/texlive/texmf-dist/tex/generic/pgf/frontendlayer/tikz/libraries/tik
zlibrarydecorations.code.tex
(/usr/share/texlive/texmf-dist/tex/generic/pgf/modules/pgfmoduledecorations.cod
e.tex
\pgfdecoratedcompleteddistance=\dimen290
\pgfdecoratedremainingdistance=\dimen291
\pgfdecoratedinputsegmentcompleteddistance=\dimen292
\pgfdecoratedinputsegmentremainingdistance=\dimen293
\pgf@decorate@distancetomove=\dimen294
\pgf@decorate@repeatstate=\count444
\pgfdecorationsegmentamplitude=\dimen295
\pgfdecorationsegmentlength=\dimen296
)
\tikz@lib@dec@box=\box75
)
(/usr/share/texlive/texmf-dist/tex/generic/pgf/frontendlayer/tikz/libraries/tik
zlibrarydecorations.pathmorphing.code.tex
(/usr/share/texlive/texmf-dist/tex/generic/pgf/libraries/decorations/pgflibrary
decorations.pathmorphing.code.tex))
(/usr/share/texlive/texmf-dist/tex/generic/pgf/frontendlayer/tikz/libraries/tik
zlibrarydecorations.pathreplacing.code.tex
(/usr/share/texlive/texmf-dist/tex/generic/pgf/libraries/decorations/pgflibrary
decorations.pathreplacing.code.tex))
\pgfplots@numplots=\count445
\pgfplots@xmin@reg=\dimen297
\pgfplots@xmax@reg=\dimen298
\pgfplots@ymin@reg=\dimen299
\pgfplots@ymax@reg=\dimen300
\pgfplots@zmin@reg=\dimen301
\pgfplots@zmax@reg=\dimen302
)
(/usr/share/texlive/texmf-dist/tex/generic/pgf/frontendlayer/tikz/libraries/tik
zlibraryplotmarks.code.tex
File: tikzlibraryplotmarks.code.tex 2020/01/08 v3.1.5b (3.1.5b)

(/usr/share/texlive/texmf-dist/tex/generic/pgf/libraries/pgflibraryplotmarks.co
de.tex
File: pgflibraryplotmarks.code.tex 2020/01/08 v3.1.5b (3.1.5b)
)))
(/usr/share/texlive/texmf-dist/tex/generic/pgfplots/numtable/pgfplotstable.code
.tex
(/usr/share/texlive/texmf-dist/tex/generic/pgfplots/numtable/pgfplotstable.colt
ype.code.tex)))
(/usr/share/texlive/texmf-dist/tex/latex/tkz-euclide/tkz-euclide.sty
2020/01/24 3.02c tkz-euclide.sty
Package: tkz-euclide 2020/01/24 3.02c for euclidan geometry 
(/usr/share/texlive/texmf-dist/tex/latex/tkz-base/tkz-base.sty
2020/01/24 3.02c tkz-base.sty
Package: tkz-base 2020/01/24 3.02c tkz-base

(/usr/share/texlive/texmf-dist/tex/generic/pgf/frontendlayer/tikz/libraries/tik
zlibraryangles.code.tex
File: tikzlibraryangles.code.tex 2020/01/08 v3.1.5b (3.1.5b)
)
(/usr/share/texlive/texmf-dist/tex/generic/pgf/frontendlayer/tikz/libraries/tik
zlibraryarrows.code.tex
File: tikzlibraryarrows.code.tex 2020/01/08 v3.1.5b (3.1.5b)

(/usr/share/texlive/texmf-dist/tex/generic/pgf/libraries/pgflibraryarrows.code.
tex
File: pgflibraryarrows.code.tex 2020/01/08 v3.1.5b (3.1.5b)
\arrowsize=\dimen303
))
(/usr/share/texlive/texmf-dist/tex/generic/pgf/libraries/pgflibraryarrows.meta.
code.tex
File: pgflibraryarrows.meta.code.tex 2020/01/08 v3.1.5b (3.1.5b)
\pgfarrowinset=\dimen304
\pgfarrowlength=\dimen305
\pgfarrowwidth=\dimen306
\pgfarrowlinewidth=\dimen307
)
(/usr/share/texlive/texmf-dist/tex/generic/pgf/frontendlayer/tikz/libraries/tik
zlibrarybabel.code.tex
File: tikzlibrarybabel.code.tex 2020/01/08 v3.1.5b (3.1.5b)
)
(/usr/share/texlive/texmf-dist/tex/generic/pgf/frontendlayer/tikz/libraries/tik
zlibrarycalc.code.tex
File: tikzlibrarycalc.code.tex 2020/01/08 v3.1.5b (3.1.5b)
)
(/usr/share/texlive/texmf-dist/tex/generic/pgf/frontendlayer/tikz/libraries/tik
zlibrarydecorations.markings.code.tex
(/usr/share/texlive/texmf-dist/tex/generic/pgf/libraries/decorations/pgflibrary
decorations.markings.code.tex))
(/usr/share/texlive/texmf-dist/tex/generic/pgf/frontendlayer/tikz/libraries/tik
zlibrarydecorations.shapes.code.tex
(/usr/share/texlive/texmf-dist/tex/generic/pgf/libraries/decorations/pgflibrary
decorations.shapes.code.tex))
(/usr/share/texlive/texmf-dist/tex/generic/pgf/frontendlayer/tikz/libraries/tik
zlibrarydecorations.text.code.tex
(/usr/share/texlive/texmf-dist/tex/generic/pgf/libraries/decorations/pgflibrary
decorations.text.code.tex
\pgf@lib@dec@text@box=\box76
)
\tikz@lib@dec@te@box=\box77
)
(/usr/share/texlive/texmf-dist/tex/generic/pgf/frontendlayer/tikz/libraries/tik
zlibraryintersections.code.tex
(/usr/share/texlive/texmf-dist/tex/generic/pgf/libraries/pgflibraryintersection
s.code.tex
\pgf@intersect@solutions=\count446
))
(/usr/share/texlive/texmf-dist/tex/generic/pgf/frontendlayer/tikz/libraries/tik
zlibrarypatterns.code.tex
File: tikzlibrarypatterns.code.tex 2020/01/08 v3.1.5b (3.1.5b)

(/usr/share/texlive/texmf-dist/tex/generic/pgf/libraries/pgflibrarypatterns.cod
e.tex
File: pgflibrarypatterns.code.tex 2020/01/08 v3.1.5b (3.1.5b)
))
(/usr/share/texlive/texmf-dist/tex/generic/pgf/frontendlayer/tikz/libraries/tik
zlibrarypositioning.code.tex
File: tikzlibrarypositioning.code.tex 2020/01/08 v3.1.5b (3.1.5b)
)
(/usr/share/texlive/texmf-dist/tex/generic/pgf/frontendlayer/tikz/libraries/tik
zlibraryquotes.code.tex
File: tikzlibraryquotes.code.tex 2020/01/08 v3.1.5b (3.1.5b)
)
(/usr/share/texlive/texmf-dist/tex/generic/pgf/frontendlayer/tikz/libraries/tik
zlibraryshadows.code.tex
File: tikzlibraryshadows.code.tex 2020/01/08 v3.1.5b (3.1.5b)

(/usr/share/texlive/texmf-dist/tex/generic/pgf/frontendlayer/tikz/libraries/tik
zlibraryfadings.code.tex
File: tikzlibraryfadings.code.tex 2020/01/08 v3.1.5b (3.1.5b)

(/usr/share/texlive/texmf-dist/tex/generic/pgf/libraries/pgflibraryfadings.code
.tex
File: pgflibraryfadings.code.tex 2020/01/08 v3.1.5b (3.1.5b)
)))
(/usr/share/texlive/texmf-dist/tex/generic/pgf/frontendlayer/tikz/libraries/tik
zlibraryshapes.misc.code.tex
File: tikzlibraryshapes.misc.code.tex 2020/01/08 v3.1.5b (3.1.5b)

(/usr/share/texlive/texmf-dist/tex/generic/pgf/libraries/shapes/pgflibraryshape
s.misc.code.tex
File: pgflibraryshapes.misc.code.tex 2020/01/08 v3.1.5b (3.1.5b)
))
(/usr/share/texlive/texmf-dist/tex/generic/pgf/frontendlayer/tikz/libraries/tik
zlibrarysnakes.code.tex
File: tikzlibrarysnakes.code.tex 2020/01/08 v3.1.5b (3.1.5b)


Package pgf Warning: Snakes have been superseded by decorations. Please use the
 decoration libraries instead of the snakes library on input line 14.

)
(/usr/share/texlive/texmf-dist/tex/generic/pgf/frontendlayer/tikz/libraries/tik
zlibrarythrough.code.tex
File: tikzlibrarythrough.code.tex 2020/01/08 v3.1.5b (3.1.5b)
)
(/usr/share/texlive/texmf-dist/tex/latex/numprint/numprint.sty
Package: numprint 2012/08/20 v1.39 Print numbers (HH)
\c@nprt@mantissa@digitsbefore=\count447
\c@nprt@mantissa@digitsafter=\count448
\c@nprt@exponent@digitsbefore=\count449
\c@nprt@exponent@digitsafter=\count450
\nprt@digitwidth=\skip91
\nprt@sepwidth=\skip92
\nprt@decimalwidth=\skip93
\nprt@blockwidth=\skip94
\nprt@digittoks=\toks47
\nprt@pretoks=\toks48
\nprt@posttoks=\toks49
\nprt@thisdigit=\count451
\nprt@curpos=\count452
\nprt@rndpos=\count453
\c@nprt@digitsfirstblock=\count454
\c@nprt@blockcnt=\count455
\c@nprt@cntprint=\count456

No configuration file `numprint.cfg' found.)
(/usr/share/texlive/texmf-dist/tex/latex/l3packages/xfp/xfp.sty
Package: xfp 2020-02-14 L3 Floating point unit
)
(/usr/share/texlive/texmf-dist/tex/latex/fp/fp.sty
Package: fp 1995/04/02

`Fixed Point Package', Version 0.8, April 2, 1995 (C) Michael Mehlich
(/usr/share/texlive/texmf-dist/tex/latex/fp/defpattern.sty
Package: defpattern 1994/10/12
\actioncount=\count457
)
(/usr/share/texlive/texmf-dist/tex/latex/fp/fp-basic.sty
Package: fp-basic 1996/05/13
\FP@xs=\count458
\FP@xia=\count459
\FP@xib=\count460
\FP@xfa=\count461
\FP@xfb=\count462
\FP@rega=\count463
\FP@regb=\count464
\FP@regs=\count465
\FP@times=\count466
)
(/usr/share/texlive/texmf-dist/tex/latex/fp/fp-addons.sty
Package: fp-addons 1995/03/15
)
(/usr/share/texlive/texmf-dist/tex/latex/fp/fp-snap.sty
Package: fp-snap 1995/04/05
)
(/usr/share/texlive/texmf-dist/tex/latex/fp/fp-exp.sty
Package: fp-exp 1995/04/03
)
(/usr/share/texlive/texmf-dist/tex/latex/fp/fp-trigo.sty
Package: fp-trigo 1995/04/14
)
(/usr/share/texlive/texmf-dist/tex/latex/fp/fp-pas.sty
Package: fp-pas 1994/08/29
)
(/usr/share/texlive/texmf-dist/tex/latex/fp/fp-random.sty
Package: fp-random 1995/02/23
\FPseed=\count467
)
(/usr/share/texlive/texmf-dist/tex/latex/fp/fp-eqn.sty
Package: fp-eqn 1995/04/03
)
(/usr/share/texlive/texmf-dist/tex/latex/fp/fp-upn.sty
Package: fp-upn 1996/10/21
)
(/usr/share/texlive/texmf-dist/tex/latex/fp/fp-eval.sty
Package: fp-eval 1995/04/03
))
\tkzRadius=\dimen308
\tkzLength=\dimen309
\tkz@radi=\dimen310
\tkz@ax=\dimen311
\tkz@ay=\dimen312
\tkz@bx=\dimen313
\tkz@by=\dimen314
\tkz@cx=\dimen315
\tkz@cy=\dimen316
\tkz@dx=\dimen317
\tkz@dy=\dimen318
\tkz@tax=\dimen319
\tkz@tay=\dimen320
\tkz@tbx=\dimen321
\tkz@tby=\dimen322
\tkz@tcx=\dimen323
\tkz@tcy=\dimen324
\tkz@tdx=\dimen325
\tkz@tdy=\dimen326
\tkz@cntmk=\count468

Local configuration file tkz-base.cfg found and used
(/usr/share/texlive/texmf-dist/tex/latex/tkz-base/tkz-base.cfg
2020/02/04 3.02c tkz-base.cfg
) (/usr/share/texlive/texmf-dist/tex/latex/tkz-base/tkz-tools-modules.tex
2020/01/24 3.02c tkz-tools-utilities.tex
) (/usr/share/texlive/texmf-dist/tex/latex/tkz-base/tkz-lib-marks.tex
2020/01/24 3.02c tkz-lib-symbols.tex
) (/usr/share/texlive/texmf-dist/tex/latex/tkz-base/tkz-tools-base.tex
2020/01/24 3.02c tkz-tools-base.tex
) (/usr/share/texlive/texmf-dist/tex/latex/tkz-base/tkz-tools-utilities.tex
2020/01/24 3.02c tkz-tools-utilities.tex
) (/usr/share/texlive/texmf-dist/tex/latex/tkz-base/tkz-tools-math.tex
2020/01/24 3.02c tkz-tools-math.tex
) (/usr/share/texlive/texmf-dist/tex/latex/tkz-base/tkz-tools-text.tex
2020/01/24 3.02c tkz-tools-text.tex
) (/usr/share/texlive/texmf-dist/tex/latex/tkz-base/tkz-tools-BB.tex
2020/01/24 3.02c tkz-obj-BB.tex
) (/usr/share/texlive/texmf-dist/tex/latex/tkz-base/tkz-tools-arith.tex
2020/01/24 3.02c tkz-tools-arith.tex
File: tkz-tool-arith.tex tkz-tool-arith 3.02 c
) (/usr/share/texlive/texmf-dist/tex/latex/tkz-base/tkz-tools-print.tex
2020/01/24 3.02c tkz-tools-print.tex
) (/usr/share/texlive/texmf-dist/tex/latex/tkz-base/tkz-tools-misc.tex
2020/01/24 3.02c tkz-tools-misc.tex
) (/usr/share/texlive/texmf-dist/tex/latex/tkz-base/tkz-obj-axes.tex
2020/01/24 3.02c tkz-obj-axes.tex
) (/usr/share/texlive/texmf-dist/tex/latex/tkz-base/tkz-obj-grids.tex
2020/01/24 3.02c tkz-obj-grids.tex
) (/usr/share/texlive/texmf-dist/tex/latex/tkz-base/tkz-obj-marks.tex
2020/01/24 3.02c tkz-obj-marks.tex
) (/usr/share/texlive/texmf-dist/tex/latex/tkz-base/tkz-obj-points.tex
2020/01/24 3.02c tkz-obj-points.tex
) (/usr/share/texlive/texmf-dist/tex/latex/tkz-base/tkz-obj-rep.tex
2020/01/24 3.02c tkz-obj-rep.tex
))
(/usr/share/texlive/texmf-dist/tex/latex/tkz-euclide/tkz-tools-intersections.te
x
2020/01/24 3.02c tkz-tools-intersections.tex
) (/usr/share/texlive/texmf-dist/tex/latex/tkz-euclide/tkz-tools-angles.tex
2020/01/24 3.02c tkz-tools-angles.tex
) (/usr/share/texlive/texmf-dist/tex/latex/tkz-euclide/tkz-obj-eu-angles.tex
2020/01/24 3.02c tkz-tool-eu-angles.tex
\tkz@arcsize=\dimen327
\tkz@fillsize=\dimen328
) (/usr/share/texlive/texmf-dist/tex/latex/tkz-euclide/tkz-obj-eu-arcs.tex
2020/01/24 3.02c tkz-obj-eu-arcs.tex
) (/usr/share/texlive/texmf-dist/tex/latex/tkz-euclide/tkz-obj-eu-compass.tex
2020/01/24 3.02c tkz-obj-eu-compass.tex
) (/usr/share/texlive/texmf-dist/tex/latex/tkz-euclide/tkz-obj-eu-circles.tex
2020/01/24 3.02c tkz-obj-eu-circles.tex
)
(/usr/share/texlive/texmf-dist/tex/latex/tkz-euclide/tkz-obj-eu-draw-circles.te
x
2020/01/24 3.02c tkz-obj-eu-draw-circles.tex
) (/usr/share/texlive/texmf-dist/tex/latex/tkz-euclide/tkz-obj-eu-lines.tex
2020/01/24 3.02c tkz-obj-eu-lines.tex
)
(/usr/share/texlive/texmf-dist/tex/latex/tkz-euclide/tkz-obj-eu-draw-lines.tex
2020/01/24 3.02c tkz-obj-eu-draw-lines.tex
) (/usr/share/texlive/texmf-dist/tex/latex/tkz-euclide/tkz-obj-eu-points.tex
2020/01/24 3.02c tkz-obj-eu-points.tex
) (/usr/share/texlive/texmf-dist/tex/latex/tkz-euclide/tkz-obj-eu-points-by.tex
2020/01/24 3.02c tkz-tools-eu-points-by.tex
)
(/usr/share/texlive/texmf-dist/tex/latex/tkz-euclide/tkz-obj-eu-points-rnd.tex
2020/01/24 3.02c tkz-obj-eu-points-rnd.tex
)
(/usr/share/texlive/texmf-dist/tex/latex/tkz-euclide/tkz-obj-eu-points-with.tex
2020/01/24 3.02c tkz-obj-eu-points-with.tex
)
(/usr/share/texlive/texmf-dist/tex/latex/tkz-euclide/tkz-obj-eu-draw-polygons.t
ex
2020/01/24 3.02c tkz-obj-eu-polygons.tex
) (/usr/share/texlive/texmf-dist/tex/latex/tkz-euclide/tkz-obj-eu-polygons.tex
2020/01/24 3.02c tkz-obj-eu-polygons.tex
)
(/usr/share/texlive/texmf-dist/tex/latex/tkz-euclide/tkz-obj-eu-protractor.tex
2020/01/24 3.02c tkz-obj-eu-protractor.tex
) (/usr/share/texlive/texmf-dist/tex/latex/tkz-euclide/tkz-obj-eu-sectors.tex
2020/01/24 3.02c tkz-obj-eu-sectors.tex
) (/usr/share/texlive/texmf-dist/tex/latex/tkz-euclide/tkz-obj-eu-show.tex
2020/01/24 3.02c tkz-obj-eu-show.tex
) (/usr/share/texlive/texmf-dist/tex/latex/tkz-euclide/tkz-obj-eu-triangles.tex
2020/01/24 3.02c tkz-obj-eu-triangles.tex
)) (/usr/share/texlive/texmf-dist/tex/latex/listings/listings.sty
\lst@mode=\count469
\lst@gtempboxa=\box78
\lst@token=\toks50
\lst@length=\count470
\lst@currlwidth=\dimen329
\lst@column=\count471
\lst@pos=\count472
\lst@lostspace=\dimen330
\lst@width=\dimen331
\lst@newlines=\count473
\lst@lineno=\count474
\lst@maxwidth=\dimen332

(/usr/share/texlive/texmf-dist/tex/latex/listings/lstmisc.sty
File: lstmisc.sty 2019/09/10 1.8c (Carsten Heinz)
\c@lstnumber=\count475
\lst@skipnumbers=\count476
\lst@framebox=\box79
)
(/usr/share/texlive/texmf-dist/tex/latex/listings/listings.cfg
File: listings.cfg 2019/09/10 1.8c listings configuration
))
Package: listings 2019/09/10 1.8c (Carsten Heinz)

(/usr/share/texlive/texmf-dist/tex/latex/hyperref/hyperref.sty
Package: hyperref 2020/01/14 v7.00d Hypertext links for LaTeX

(/usr/share/texlive/texmf-dist/tex/generic/kvdefinekeys/kvdefinekeys.sty
Package: kvdefinekeys 2019-12-19 v1.6 Define keys (HO)
)
(/usr/share/texlive/texmf-dist/tex/generic/pdfescape/pdfescape.sty
Package: pdfescape 2019/12/09 v1.15 Implements pdfTeX's escape features (HO)
)
(/usr/share/texlive/texmf-dist/tex/latex/hycolor/hycolor.sty
Package: hycolor 2020-01-27 v1.10 Color options for hyperref/bookmark (HO)
)
(/usr/share/texlive/texmf-dist/tex/latex/letltxmacro/letltxmacro.sty
Package: letltxmacro 2019/12/03 v1.6 Let assignment for LaTeX macros (HO)
)
(/usr/share/texlive/texmf-dist/tex/latex/auxhook/auxhook.sty
Package: auxhook 2019-12-17 v1.6 Hooks for auxiliary files (HO)
)
\@linkdim=\dimen333
\Hy@linkcounter=\count477
\Hy@pagecounter=\count478

(/usr/share/texlive/texmf-dist/tex/latex/hyperref/pd1enc.def
File: pd1enc.def 2020/01/14 v7.00d Hyperref: PDFDocEncoding definition (HO)
Now handling font encoding PD1 ...
... no UTF-8 mapping file for font encoding PD1
)
(/usr/share/texlive/texmf-dist/tex/generic/intcalc/intcalc.sty
Package: intcalc 2019/12/15 v1.3 Expandable calculations with integers (HO)
)
(/usr/share/texlive/texmf-dist/tex/generic/etexcmds/etexcmds.sty
Package: etexcmds 2019/12/15 v1.7 Avoid name clashes with e-TeX commands (HO)
)
\Hy@SavedSpaceFactor=\count479
\pdfmajorversion=\count480
Package hyperref Info: Hyper figures OFF on input line 4547.
Package hyperref Info: Link nesting OFF on input line 4552.
Package hyperref Info: Hyper index ON on input line 4555.
Package hyperref Info: Plain pages OFF on input line 4562.
Package hyperref Info: Backreferencing OFF on input line 4567.
Package hyperref Info: Implicit mode ON; LaTeX internals redefined.
Package hyperref Info: Bookmarks ON on input line 4800.
\c@Hy@tempcnt=\count481
LaTeX Info: Redefining \url on input line 5159.
\XeTeXLinkMargin=\dimen334

(/usr/share/texlive/texmf-dist/tex/generic/bitset/bitset.sty
Package: bitset 2019/12/09 v1.3 Handle bit-vector datatype (HO)

(/usr/share/texlive/texmf-dist/tex/generic/bigintcalc/bigintcalc.sty
Package: bigintcalc 2019/12/15 v1.5 Expandable calculations on big integers (HO
)
))
\Fld@menulength=\count482
\Field@Width=\dimen335
\Fld@charsize=\dimen336
Package hyperref Info: Hyper figures OFF on input line 6430.
Package hyperref Info: Link nesting OFF on input line 6435.
Package hyperref Info: Hyper index ON on input line 6438.
Package hyperref Info: backreferencing OFF on input line 6445.
Package hyperref Info: Link coloring OFF on input line 6450.
Package hyperref Info: Link coloring with OCG OFF on input line 6455.
Package hyperref Info: PDF/A mode OFF on input line 6460.
LaTeX Info: Redefining \ref on input line 6500.
LaTeX Info: Redefining \pageref on input line 6504.

(/usr/share/texlive/texmf-dist/tex/generic/atbegshi/atbegshi.sty
Package: atbegshi 2019/12/05 v1.19 At begin shipout hook (HO)
)
\Hy@abspage=\count483
\c@Item=\count484
\c@Hfootnote=\count485
)
Package hyperref Info: Driver (autodetected): hpdftex.

(/usr/share/texlive/texmf-dist/tex/latex/hyperref/hpdftex.def
File: hpdftex.def 2020/01/14 v7.00d Hyperref driver for pdfTeX

(/usr/share/texlive/texmf-dist/tex/latex/atveryend/atveryend.sty
Package: atveryend 2019-12-11 v1.11 Hooks at the very end of document (HO)
)
\Fld@listcount=\count486
\c@bookmark@seq@number=\count487

(/usr/share/texlive/texmf-dist/tex/latex/rerunfilecheck/rerunfilecheck.sty
Package: rerunfilecheck 2019/12/05 v1.9 Rerun checks for auxiliary files (HO)

(/usr/share/texlive/texmf-dist/tex/generic/uniquecounter/uniquecounter.sty
Package: uniquecounter 2019/12/15 v1.4 Provide unlimited unique counter (HO)
)
Package uniquecounter Info: New unique counter `rerunfilecheck' on input line 2
86.
)
\Hy@SectionHShift=\skip95
)
(/usr/share/texlive/texmf-dist/tex/latex/enumitem/enumitem.sty
Package: enumitem 2019/06/20 v3.9 Customized lists
\labelindent=\skip96
\enit@outerparindent=\dimen337
\enit@toks=\toks51
\enit@inbox=\box80
\enit@count@id=\count488
\enitdp@description=\count489
)
(/usr/share/texlive/texmf-dist/tex/latex/geometry/geometry.sty
Package: geometry 2020/01/02 v5.9 Page Geometry

(/usr/share/texlive/texmf-dist/tex/generic/iftex/ifvtex.sty
Package: ifvtex 2019/10/25 v1.7 ifvtex legacy package. Use iftex instead.
)
\Gm@cnth=\count490
\Gm@cntv=\count491
\c@Gm@tempcnt=\count492
\Gm@bindingoffset=\dimen338
\Gm@wd@mp=\dimen339
\Gm@odd@mp=\dimen340
\Gm@even@mp=\dimen341
\Gm@layoutwidth=\dimen342
\Gm@layoutheight=\dimen343
\Gm@layouthoffset=\dimen344
\Gm@layoutvoffset=\dimen345
\Gm@dimlist=\toks52
)
(/usr/share/texlive/texmf-dist/tex/latex/fancyhdr/fancyhdr.sty
Package: fancyhdr 2019/01/31 v3.10 Extensive control of page headers and footer
s
\f@nch@headwidth=\skip97
\f@nch@O@elh=\skip98
\f@nch@O@erh=\skip99
\f@nch@O@olh=\skip100
\f@nch@O@orh=\skip101
\f@nch@O@elf=\skip102
\f@nch@O@erf=\skip103
\f@nch@O@olf=\skip104
\f@nch@O@orf=\skip105
))
(/home/julius/dotfiles/theorems_and_co.tex
(/usr/share/texlive/texmf-dist/tex/latex/tcolorbox/tcolorbox.sty
Package: tcolorbox 2019/11/15 version 4.22 text color boxes

(/usr/share/texlive/texmf-dist/tex/latex/tools/verbatim.sty
Package: verbatim 2019/11/10 v1.5r LaTeX2e package for verbatim enhancements
\every@verbatim=\toks53
\verbatim@line=\toks54
\verbatim@in@stream=\read5
)
(/usr/share/texlive/texmf-dist/tex/latex/environ/environ.sty
Package: environ 2014/05/04 v0.3 A new way to define environments

(/usr/share/texlive/texmf-dist/tex/latex/trimspaces/trimspaces.sty
Package: trimspaces 2009/09/17 v1.1 Trim spaces around a token list
))
\tcb@titlebox=\box81
\tcb@upperbox=\box82
\tcb@lowerbox=\box83
\tcb@phantombox=\box84
\c@tcbbreakpart=\count493
\c@tcblayer=\count494
\tcolorbox@number=\count495
\tcb@temp=\box85
\tcb@temp=\box86
\tcb@temp=\box87
\tcb@temp=\box88
\tcb@out=\write5
\tcb@record@out=\write6
)
(/usr/share/texlive/texmf-dist/tex/latex/tcolorbox/tcbskins.code.tex
Library (tcolorbox): 'tcbskins.code.tex' version '4.22'
\tcb@waterbox=\box89
(/usr/share/texlive/texmf-dist/tex/latex/tcolorbox/tcbskinsjigsaw.code.tex
Library (tcolorbox): 'tcbskinsjigsaw.code.tex' version '4.22'
)) (/usr/share/texlive/texmf-dist/tex/latex/tcolorbox/tcbtheorems.code.tex
Library (tcolorbox): 'tcbtheorems.code.tex' version '4.22'
)
\c@tcb@cnt@theorem=\count496
\c@tcb@cnt@claim=\count497
\c@tcb@cnt@behauptung=\count498
) (/usr/share/texlive/texmf-dist/tex/latex/comment/comment.sty
\CommentStream=\write7

Excluding comment 'comment')

Package biblatex Warning: 'babel/polyglossia' detected but 'csquotes' missing.
(biblatex)                Loading 'csquotes' recommended.

\@quotelevel=\count499
\@quotereset=\count500
(./JRW_2022.aux)
\openout1 = `JRW_2022.aux'.

LaTeX Font Info:    Checking defaults for OML/cmm/m/it on input line 9.
LaTeX Font Info:    ... okay on input line 9.
LaTeX Font Info:    Checking defaults for OMS/cmsy/m/n on input line 9.
LaTeX Font Info:    ... okay on input line 9.
LaTeX Font Info:    Checking defaults for OT1/cmr/m/n on input line 9.
LaTeX Font Info:    ... okay on input line 9.
LaTeX Font Info:    Checking defaults for T1/cmr/m/n on input line 9.
LaTeX Font Info:    ... okay on input line 9.
LaTeX Font Info:    Checking defaults for TS1/cmr/m/n on input line 9.
LaTeX Font Info:    ... okay on input line 9.
LaTeX Font Info:    Checking defaults for OMX/cmex/m/n on input line 9.
LaTeX Font Info:    ... okay on input line 9.
LaTeX Font Info:    Checking defaults for U/cmr/m/n on input line 9.
LaTeX Font Info:    ... okay on input line 9.
LaTeX Font Info:    Checking defaults for PD1/pdf/m/n on input line 9.
LaTeX Font Info:    ... okay on input line 9.

(/usr/share/texlive/texmf-dist/tex/context/base/mkii/supp-pdf.mkii
[Loading MPS to PDF converter (version 2006.09.02).]
\scratchcounter=\count501
\scratchdimen=\dimen346
\scratchbox=\box90
\nofMPsegments=\count502
\nofMParguments=\count503
\everyMPshowfont=\toks55
\MPscratchCnt=\count504
\MPscratchDim=\dimen347
\MPnumerator=\count505
\makeMPintoPDFobject=\count506
\everyMPtoPDFconversion=\toks56
) (/usr/share/texlive/texmf-dist/tex/latex/epstopdf-pkg/epstopdf-base.sty
Package: epstopdf-base 2020-01-24 v2.11 Base part for package epstopdf
Package epstopdf-base Info: Redefining graphics rule for `.eps' on input line 4
85.

(/usr/share/texlive/texmf-dist/tex/latex/latexconfig/epstopdf-sys.cfg
File: epstopdf-sys.cfg 2010/07/13 v1.3 Configuration of (r)epstopdf for TeX Liv
e
))
Package caption Info: Begin \AtBeginDocument code.
Package caption Info: hyperref package is loaded.
Package caption Info: listings package is loaded.
Package caption Info: longtable package is loaded.

(/usr/share/texlive/texmf-dist/tex/latex/caption/ltcaption.sty
Package: ltcaption 2018/08/26 v1.4a longtable captions (AR)
)
Package caption Info: rotating package is loaded.
Package caption Info: End \AtBeginDocument code.
Package biblatex Info: Trying to load language 'english'...
Package biblatex Info: ... file 'english.lbx' found.

(/usr/share/texlive/texmf-dist/tex/latex/biblatex/lbx/english.lbx
File: english.lbx 2019/12/01 v3.14 biblatex localization (PK/MW)
)
Package biblatex Info: Input encoding 'utf8' detected.
Package biblatex Info: Automatic encoding selection.
(biblatex)             Assuming data encoding 'utf8'.
Package biblatex Info: Input encoding 'utf8' specified.
Package biblatex Info: Data encoding 'utf8' specified.
(biblatex)             No need to reencode data.
\openout3 = `JRW_2022-blx.bib'.

Package biblatex Info: Trying to load bibliographic data...
Package biblatex Info: ... file 'JRW_2022.bbl' not found.

No file JRW_2022.bbl.
Package biblatex Info: Reference section=0 on input line 9.
Package biblatex Info: Reference segment=0 on input line 9.

(/usr/share/texlive/texmf-dist/tex/latex/translator/translator-basic-dictionary
-English.dict
Dictionary: translator-basic-dictionary, Language: English 
)
(/usr/share/texlive/texmf-dist/tex/latex/siunitx/siunitx-abbreviations.cfg
File: siunitx-abbreviations.cfg 2017/11/26 v2.7k siunitx: Abbreviated units
)
ABD: EveryShipout initializing macros

Package pgfplots Warning: running in backwards compatibility mode (unsuitable t
ick labels; missing features). Consider writing \pgfplotsset{compat=1.16} into 
your preamble.
 on input line 9.

\c@lstlisting=\count507
\AtBeginShipoutBox=\box91
Package hyperref Info: Link coloring OFF on input line 9.
(/usr/share/texlive/texmf-dist/tex/latex/hyperref/nameref.sty
Package: nameref 2019/09/16 v2.46 Cross-referencing by name of section

(/usr/share/texlive/texmf-dist/tex/latex/refcount/refcount.sty
Package: refcount 2019/12/15 v3.6 Data extraction from label references (HO)
)
(/usr/share/texlive/texmf-dist/tex/generic/gettitlestring/gettitlestring.sty
Package: gettitlestring 2019/12/15 v1.6 Cleanup title references (HO)
)
\c@section@level=\count508
)
LaTeX Info: Redefining \ref on input line 9.
LaTeX Info: Redefining \pageref on input line 9.
LaTeX Info: Redefining \nameref on input line 9.

(./JRW_2022.out) (./JRW_2022.out)
\@outlinefile=\write8
\openout8 = `JRW_2022.out'.


*geometry* driver: auto-detecting
*geometry* detected driver: pdftex
*geometry* verbose mode - [ preamble ] result:
* driver: pdftex
* paper: a4paper
* layout: <same size as paper>
* layoutoffset:(h,v)=(0.0pt,0.0pt)
* modes: 
* h-part:(L,W,R)=(71.13188pt, 455.24411pt, 71.13188pt)
* v-part:(T,H,B)=(99.58464pt, 660.10394pt, 85.35826pt)
* \paperwidth=597.50787pt
* \paperheight=845.04684pt
* \textwidth=455.24411pt
* \textheight=660.10394pt
* \oddsidemargin=-1.1381pt
* \evensidemargin=-1.1381pt
* \topmargin=-9.68535pt
* \headheight=12.0pt
* \headsep=25.0pt
* \topskip=12.0pt
* \footskip=30.0pt
* \marginparwidth=35.0pt
* \marginparsep=10.0pt
* \columnsep=10.0pt
* \skip\footins=10.8pt plus 4.0pt minus 2.0pt
* \hoffset=0.0pt
* \voffset=0.0pt
* \mag=1000
* \@twocolumnfalse
* \@twosidefalse
* \@mparswitchfalse
* \@reversemarginfalse
* (1in=72.27pt=25.4mm, 1cm=28.453pt)

LaTeX Font Info:    Trying to load font information for U+msa on input line 9.
(/usr/share/texlive/texmf-dist/tex/latex/amsfonts/umsa.fd
File: umsa.fd 2013/01/14 v3.01 AMS symbols A
)
LaTeX Font Info:    Trying to load font information for U+msb on input line 9.

(/usr/share/texlive/texmf-dist/tex/latex/amsfonts/umsb.fd
File: umsb.fd 2013/01/14 v3.01 AMS symbols B
)
Excluding 'comment' comment.
Package atveryend Info: Empty hook `BeforeClearDocument' on input line 107.
Package atveryend Info: Empty hook `AfterLastShipout' on input line 107.
 (./JRW_2022.aux)
Package atveryend Info: Executing hook `AtVeryEndDocument' on input line 107.
Package atveryend Info: Executing hook `AtEndAfterFileList' on input line 107.
Package rerunfilecheck Info: File `JRW_2022.out' has not changed.
(rerunfilecheck)             Checksum: D41D8CD98F00B204E9800998ECF8427E;0.
Package logreq Info: Writing requests to 'JRW_2022.run.xml'.
\openout1 = `JRW_2022.run.xml'.

 ) 
Here is how much of TeX's memory you used:
 48893 strings out of 481239
 1144426 string characters out of 5920377
 1758609 words of memory out of 5000000
 63271 multiletter control sequences out of 15000+600000
 538395 words of font info for 48 fonts, out of 8000000 for 9000
 1141 hyphenation exceptions out of 8191
 79i,3n,104p,884b,743s stack positions out of 5000i,500n,10000p,200000b,80000s

No pages of output.

pdfTeX warning: pdflatex: dangling objects discarded, no output file produced.

PDF statistics:
 30 PDF objects out of 1000 (max. 8388607)
 12 compressed objects within 1 object stream
 0 named destinations out of 1000 (max. 500000)
 109 words of extra memory for PDF output out of 10000 (max. 10000000)

